appcodescnUCBrowser_1113/build/outputs/logs/manifest-merger-debug-report.txt
-- Merging decision tree log ---
manifest
ADDED from src\main\AndroidManifest.xml:2:1-460:12
	package
		ADDED from src\main\AndroidManifest.xml:4:5-32
		INJECTED from src\main\AndroidManifest.xml
		INJECTED from src\main\AndroidManifest.xml
	android:versionName
		ADDED from src\main\AndroidManifest.xml:7:5-34
		INJECTED from src\main\AndroidManifest.xml
		INJECTED from src\main\AndroidManifest.xml
	xmlns:tools
		ADDED from src\main\AndroidManifest.xml:3:5-51
	android:versionCode
		ADDED from src\main\AndroidManifest.xml:6:5-28
		INJECTED from src\main\AndroidManifest.xml
		INJECTED from src\main\AndroidManifest.xml
	xmlns:android
		ADDED from src\main\AndroidManifest.xml:2:11-69
	android:installLocation
		ADDED from src\main\AndroidManifest.xml:5:5-35
uses-sdk
ADDED from src\main\AndroidManifest.xml:9:5-11:41
MERGED from [yk_20171020:uCVitamioBundle:unspecified] AndroidManifest.xml:7:5-9:41
	android:targetSdkVersion
		ADDED from src\main\AndroidManifest.xml:11:9-38
		INJECTED from src\main\AndroidManifest.xml
		INJECTED from src\main\AndroidManifest.xml
	android:minSdkVersion
		ADDED from src\main\AndroidManifest.xml:10:9-34
		INJECTED from src\main\AndroidManifest.xml
		INJECTED from src\main\AndroidManifest.xml
uses-permission#android.permission.SYSTEM_ALERT_WINDOW
ADDED from src\main\AndroidManifest.xml:13:5-78
	android:name
		ADDED from src\main\AndroidManifest.xml:13:22-75
uses-permission#com.android.browser.permission.READ_HISTORY_BOOKMARKS
ADDED from src\main\AndroidManifest.xml:14:5-15:23
	android:name
		ADDED from src\main\AndroidManifest.xml:14:22-90
uses-permission#com.android.browser.permission.WRITE_HISTORY_BOOKMARKS
ADDED from src\main\AndroidManifest.xml:16:5-17:23
	android:name
		ADDED from src\main\AndroidManifest.xml:16:22-91
uses-permission#android.permission.WRITE_EXTERNAL_STORAGE
ADDED from src\main\AndroidManifest.xml:18:5-19:23
	android:name
		ADDED from src\main\AndroidManifest.xml:18:22-78
uses-permission#android.permission.MOUNT_UNMOUNT_FILESYSTEMS
ADDED from src\main\AndroidManifest.xml:22:5-23:23
	android:name
		ADDED from src\main\AndroidManifest.xml:22:22-81
uses-permission#android.permission.SYSTEM_OVERLAY_WINDOW
ADDED from src\main\AndroidManifest.xml:29:5-80
	android:name
		ADDED from src\main\AndroidManifest.xml:29:22-77
uses-permission#android.permission.RAISED_THREAD_PRIORITY
ADDED from src\main\AndroidManifest.xml:31:5-81
	android:name
		ADDED from src\main\AndroidManifest.xml:31:22-78
uses-permission#android.permission.MODIFY_AUDIO_SETTINGS
ADDED from src\main\AndroidManifest.xml:32:5-80
	android:name
		ADDED from src\main\AndroidManifest.xml:32:22-77
uses-permission#com.android.launcher.permission.READ_SETTINGS
ADDED from src\main\AndroidManifest.xml:33:5-85
	android:name
		ADDED from src\main\AndroidManifest.xml:33:22-82
uses-permission#com.android.launcher.permission.WRITE_SETTINGS
ADDED from src\main\AndroidManifest.xml:34:5-86
	android:name
		ADDED from src\main\AndroidManifest.xml:34:22-83
uses-permission#com.android.launcher.permission.INSTALL_SHORTCUT
ADDED from src\main\AndroidManifest.xml:35:5-88
	android:name
		ADDED from src\main\AndroidManifest.xml:35:22-85
uses-permission#com.android.launcher.permission.UNINSTALL_SHORTCUT
ADDED from src\main\AndroidManifest.xml:36:5-90
	android:name
		ADDED from src\main\AndroidManifest.xml:36:22-87
uses-permission#android.permission.GET_TASKS
ADDED from src\main\AndroidManifest.xml:37:5-68
	android:name
		ADDED from src\main\AndroidManifest.xml:37:22-65
uses-permission#android.permission.RECEIVE_BOOT_COMPLETED
ADDED from src\main\AndroidManifest.xml:39:5-81
	android:name
		ADDED from src\main\AndroidManifest.xml:39:22-78
uses-permission#org.adw.launcher.permission.READ_SETTINGS
ADDED from src\main\AndroidManifest.xml:42:5-81
	android:name
		ADDED from src\main\AndroidManifest.xml:42:22-78
uses-permission#org.adw.launcher.permission.WRITE_SETTINGS
ADDED from src\main\AndroidManifest.xml:43:5-82
	android:name
		ADDED from src\main\AndroidManifest.xml:43:22-79
uses-permission#com.qihoo360.launcher.permission.READ_SETTINGS
ADDED from src\main\AndroidManifest.xml:44:5-86
	android:name
		ADDED from src\main\AndroidManifest.xml:44:22-83
uses-permission#com.qihoo360.launcher.permission.WRITE_SETTINGS
ADDED from src\main\AndroidManifest.xml:45:5-87
	android:name
		ADDED from src\main\AndroidManifest.xml:45:22-84
uses-permission#com.lge.launcher.permission.READ_SETTINGS
ADDED from src\main\AndroidManifest.xml:46:5-81
	android:name
		ADDED from src\main\AndroidManifest.xml:46:22-78
uses-permission#com.lge.launcher.permission.WRITE_SETTINGS
ADDED from src\main\AndroidManifest.xml:47:5-82
	android:name
		ADDED from src\main\AndroidManifest.xml:47:22-79
uses-permission#net.qihoo.launcher.permission.READ_SETTINGS
ADDED from src\main\AndroidManifest.xml:48:5-83
	android:name
		ADDED from src\main\AndroidManifest.xml:48:22-80
uses-permission#net.qihoo.launcher.permission.WRITE_SETTINGS
ADDED from src\main\AndroidManifest.xml:49:5-84
	android:name
		ADDED from src\main\AndroidManifest.xml:49:22-81
uses-permission#org.adwfreak.launcher.permission.READ_SETTINGS
ADDED from src\main\AndroidManifest.xml:50:5-86
	android:name
		ADDED from src\main\AndroidManifest.xml:50:22-83
uses-permission#org.adwfreak.launcher.permission.WRITE_SETTINGS
ADDED from src\main\AndroidManifest.xml:51:5-87
	android:name
		ADDED from src\main\AndroidManifest.xml:51:22-84
uses-permission#com.huawei.launcher3.permission.READ_SETTINGS
ADDED from src\main\AndroidManifest.xml:52:5-85
	android:name
		ADDED from src\main\AndroidManifest.xml:52:22-82
uses-permission#com.huawei.launcher3.permission.WRITE_SETTINGS
ADDED from src\main\AndroidManifest.xml:53:5-86
	android:name
		ADDED from src\main\AndroidManifest.xml:53:22-83
uses-permission#com.fede.launcher.permission.READ_SETTINGS
ADDED from src\main\AndroidManifest.xml:54:5-82
	android:name
		ADDED from src\main\AndroidManifest.xml:54:22-79
uses-permission#com.fede.launcher.permission.WRITE_SETTINGS
ADDED from src\main\AndroidManifest.xml:55:5-83
	android:name
		ADDED from src\main\AndroidManifest.xml:55:22-80
uses-permission#com.sec.android.app.twlauncher.settings.READ_SETTINGS
ADDED from src\main\AndroidManifest.xml:56:5-93
	android:name
		ADDED from src\main\AndroidManifest.xml:56:22-90
uses-permission#com.sec.android.app.twlauncher.settings.WRITE_SETTINGS
ADDED from src\main\AndroidManifest.xml:57:5-94
	android:name
		ADDED from src\main\AndroidManifest.xml:57:22-91
uses-permission#com.htc.launcher.permission.READ_SETTINGS
ADDED from src\main\AndroidManifest.xml:58:5-81
	android:name
		ADDED from src\main\AndroidManifest.xml:58:22-78
uses-permission#com.htc.launcher.permission.WRITE_SETTINGS
ADDED from src\main\AndroidManifest.xml:59:5-82
	android:name
		ADDED from src\main\AndroidManifest.xml:59:22-79
uses-permission#com.huawei.android.launcher.permission.READ_SETTINGS
ADDED from src\main\AndroidManifest.xml:60:5-92
	android:name
		ADDED from src\main\AndroidManifest.xml:60:22-89
uses-permission#com.huawei.android.launcher.permission.WRITE_SETTINGS
ADDED from src\main\AndroidManifest.xml:61:5-93
	android:name
		ADDED from src\main\AndroidManifest.xml:61:22-90
uses-permission#com.huawei.launcher2.permission.READ_SETTINGS
ADDED from src\main\AndroidManifest.xml:62:5-85
	android:name
		ADDED from src\main\AndroidManifest.xml:62:22-82
uses-permission#com.huawei.launcher2.permission.WRITE_SETTINGS
ADDED from src\main\AndroidManifest.xml:63:5-86
	android:name
		ADDED from src\main\AndroidManifest.xml:63:22-83
uses-permission#android.permission.DISABLE_KEYGUARD
ADDED from src\main\AndroidManifest.xml:65:5-75
	android:name
		ADDED from src\main\AndroidManifest.xml:65:22-72
uses-permission#android.permission.WAKE_LOCK
ADDED from src\main\AndroidManifest.xml:67:5-68
	android:name
		ADDED from src\main\AndroidManifest.xml:67:22-65
uses-permission#android.permission.INTERNET
ADDED from src\main\AndroidManifest.xml:68:5-67
	android:name
		ADDED from src\main\AndroidManifest.xml:68:22-64
uses-permission#android.permission.READ_PHONE_STATE
ADDED from src\main\AndroidManifest.xml:69:5-75
	android:name
		ADDED from src\main\AndroidManifest.xml:69:22-72
uses-permission#android.permission.ACCESS_NETWORK_STATE
ADDED from src\main\AndroidManifest.xml:70:5-79
	android:name
		ADDED from src\main\AndroidManifest.xml:70:22-76
uses-permission#android.permission.BROADCAST_STICKY
ADDED from src\main\AndroidManifest.xml:72:5-75
	android:name
		ADDED from src\main\AndroidManifest.xml:72:22-72
uses-permission#android.permission.WRITE_SETTINGS
ADDED from src\main\AndroidManifest.xml:73:5-73
	android:name
		ADDED from src\main\AndroidManifest.xml:73:22-70
uses-permission#android.permission.KILL_BACKGROUND_PROCESSES
ADDED from src\main\AndroidManifest.xml:75:5-84
	android:name
		ADDED from src\main\AndroidManifest.xml:75:22-81
uses-permission#android.permission.READ_LOGS
ADDED from src\main\AndroidManifest.xml:78:5-68
	android:name
		ADDED from src\main\AndroidManifest.xml:78:22-65
uses-permission#android.permission.VIBRATE
ADDED from src\main\AndroidManifest.xml:79:5-66
	android:name
		ADDED from src\main\AndroidManifest.xml:79:22-63
uses-permission#android.permission.ACCESS_WIFI_STATE
ADDED from src\main\AndroidManifest.xml:80:5-76
	android:name
		ADDED from src\main\AndroidManifest.xml:80:22-73
uses-permission#android.permission.RECEIVE_USER_PRESENT
ADDED from src\main\AndroidManifest.xml:81:5-79
	android:name
		ADDED from src\main\AndroidManifest.xml:81:22-76
uses-permission#android.permission.READ_EXTERNAL_STORAGE
ADDED from src\main\AndroidManifest.xml:95:2-76
	android:name
		ADDED from src\main\AndroidManifest.xml:95:19-74
uses-permission#android.permission.ACCESS_FINE_LOCATION
ADDED from src\main\AndroidManifest.xml:96:2-75
	android:name
		ADDED from src\main\AndroidManifest.xml:96:19-73
supports-screens
ADDED from src\main\AndroidManifest.xml:100:5-105:39
	android:largeScreens
		ADDED from src\main\AndroidManifest.xml:102:9-36
	android:smallScreens
		ADDED from src\main\AndroidManifest.xml:105:9-36
	android:normalScreens
		ADDED from src\main\AndroidManifest.xml:103:9-37
	android:resizeable
		ADDED from src\main\AndroidManifest.xml:104:9-34
	android:anyDensity
		ADDED from src\main\AndroidManifest.xml:101:9-34
uses-feature#android.hardware.touchscreen
ADDED from src\main\AndroidManifest.xml:107:5-109:35
	android:required
		ADDED from src\main\AndroidManifest.xml:109:9-32
	android:name
		ADDED from src\main\AndroidManifest.xml:108:9-52
application
ADDED from src\main\AndroidManifest.xml:111:5-458:19
MERGED from [yk_20171020:uCVitamioBundle:unspecified] AndroidManifest.xml:11:5-18:19
	android:label
		ADDED from src\main\AndroidManifest.xml:117:9-41
		REJECTED from [yk_20171020:uCVitamioBundle:unspecified] AndroidManifest.xml:11:18-54
	android:allowBackup
		ADDED from src\main\AndroidManifest.xml:112:9-35
	android:icon
		ADDED from src\main\AndroidManifest.xml:114:9-38
	android:theme
		ADDED from src\main\AndroidManifest.xml:115:9-41
	tools:replace
		ADDED from src\main\AndroidManifest.xml:116:9-38
	android:name
		ADDED from src\main\AndroidManifest.xml:113:9-51
activity#cn.hi321.browser.ui.activities.SplashActivity
ADDED from src\main\AndroidManifest.xml:118:9-125:20
	android:theme
		ADDED from src\main\AndroidManifest.xml:120:13-77
	android:name
		ADDED from src\main\AndroidManifest.xml:119:13-73
intent-filter#android.intent.action.MAIN+android.intent.category.LAUNCHER
ADDED from src\main\AndroidManifest.xml:121:13-124:29
action#android.intent.action.MAIN
ADDED from src\main\AndroidManifest.xml:122:17-69
	android:name
		ADDED from src\main\AndroidManifest.xml:122:25-66
category#android.intent.category.LAUNCHER
ADDED from src\main\AndroidManifest.xml:123:17-77
	android:name
		ADDED from src\main\AndroidManifest.xml:123:27-74
activity#cn.hi321.browser.ui.activities.HomeActivity
ADDED from src\main\AndroidManifest.xml:126:9-139:20
	android:hardwareAccelerated
		ADDED from src\main\AndroidManifest.xml:129:13-47
	android:launchMode
		ADDED from src\main\AndroidManifest.xml:130:13-44
	android:windowSoftInputMode
		ADDED from src\main\AndroidManifest.xml:131:13-52
	android:configChanges
		ADDED from src\main\AndroidManifest.xml:128:13-74
	android:name
		ADDED from src\main\AndroidManifest.xml:127:13-71
intent-filter#android.intent.action.VIEW+android.intent.category.BROWSABLE+android.intent.category.DEFAULT
ADDED from src\main\AndroidManifest.xml:132:13-138:29
action#android.intent.action.VIEW
ADDED from src\main\AndroidManifest.xml:133:17-69
	android:name
		ADDED from src\main\AndroidManifest.xml:133:25-66
category#android.intent.category.DEFAULT
ADDED from src\main\AndroidManifest.xml:134:17-76
	android:name
		ADDED from src\main\AndroidManifest.xml:134:27-73
category#android.intent.category.BROWSABLE
ADDED from src\main\AndroidManifest.xml:135:17-78
	android:name
		ADDED from src\main\AndroidManifest.xml:135:27-75
data
ADDED from src\main\AndroidManifest.xml:136:17-47
	android:scheme
		ADDED from src\main\AndroidManifest.xml:136:23-44
activity#cn.hi321.browser.ui.activities.AboutActivity
ADDED from src\main\AndroidManifest.xml:140:9-144:20
	android:screenOrientation
		ADDED from src\main\AndroidManifest.xml:143:13-49
	android:name
		ADDED from src\main\AndroidManifest.xml:141:13-72
activity#cn.hi321.browser.ui.activities.EditBookmarkActivity
ADDED from src\main\AndroidManifest.xml:145:9-147:20
	android:name
		ADDED from src\main\AndroidManifest.xml:146:13-79
activity#cn.hi321.browser2.ui.activities.BookmarksListActivity
ADDED from src\main\AndroidManifest.xml:148:9-149:20
	android:name
		ADDED from src\main\AndroidManifest.xml:148:19-70
activity#cn.hi321.browser.ui.activities.SearchsActivity
ADDED from src\main\AndroidManifest.xml:150:9-153:20
	android:windowSoftInputMode
		ADDED from src\main\AndroidManifest.xml:152:13-69
	android:name
		ADDED from src\main\AndroidManifest.xml:151:13-74
activity#cn.hi321.browser.ui.activities.HistoryListActivity
ADDED from src\main\AndroidManifest.xml:154:9-155:20
	android:name
		ADDED from src\main\AndroidManifest.xml:154:19-84
activity#cn.hi321.browser.ui.activities.AdBlockerWhiteListActivity
ADDED from src\main\AndroidManifest.xml:156:9-157:20
	android:name
		ADDED from src\main\AndroidManifest.xml:156:19-91
activity#cn.hi321.browser.ui.activities.BookmarksHistoryActivity
ADDED from src\main\AndroidManifest.xml:158:9-161:20
	android:configChanges
		ADDED from src\main\AndroidManifest.xml:160:13-63
	android:name
		ADDED from src\main\AndroidManifest.xml:159:13-83
activity#cn.hi321.browser.preferences.PreferencesActivity
ADDED from src\main\AndroidManifest.xml:162:9-163:20
	android:name
		ADDED from src\main\AndroidManifest.xml:162:19-82
activity#cn.hi321.browser.preferences.HomepagePreferenceActivity
ADDED from src\main\AndroidManifest.xml:164:9-167:20
	android:name
		ADDED from src\main\AndroidManifest.xml:165:13-83
activity#cn.hi321.browser.preferences.SearchUrlPreferenceActivity
ADDED from src\main\AndroidManifest.xml:168:9-171:20
	android:theme
		ADDED from src\main\AndroidManifest.xml:170:13-56
	android:name
		ADDED from src\main\AndroidManifest.xml:169:13-84
activity#cn.hi321.browser.ui.activities.WeaveBookmarksListActivity
ADDED from src\main\AndroidManifest.xml:172:9-173:20
	android:name
		ADDED from src\main\AndroidManifest.xml:172:19-91
activity#cn.hi321.browser.ui.activities.SearchActivity
ADDED from src\main\AndroidManifest.xml:174:9-177:20
	android:name
		ADDED from src\main\AndroidManifest.xml:175:13-73
activity#cn.hi321.browser.camera.CaptureActivity
ADDED from src\main\AndroidManifest.xml:180:9-182:52
	android:screenOrientation
		ADDED from src\main\AndroidManifest.xml:182:13-49
	android:name
		ADDED from src\main\AndroidManifest.xml:181:13-67
activity#cn.hi321.browser.ui.activities.DownloadSetActivity
ADDED from src\main\AndroidManifest.xml:183:9-184:20
	android:name
		ADDED from src\main\AndroidManifest.xml:183:19-84
provider#cn.hi321.browser.providers.BookmarksContentProvider
ADDED from src\main\AndroidManifest.xml:186:9-189:20
	android:authorities
		ADDED from src\main\AndroidManifest.xml:188:13-86
	android:name
		ADDED from src\main\AndroidManifest.xml:187:13-79
provider#cn.hi321.browser.providers.WeaveContentProvider
ADDED from src\main\AndroidManifest.xml:190:9-193:20
	android:authorities
		ADDED from src\main\AndroidManifest.xml:192:13-82
	android:name
		ADDED from src\main\AndroidManifest.xml:191:13-75
receiver#cn.hi321.browser.utils.ProxyChangeReceiver
ADDED from src\main\AndroidManifest.xml:195:9-199:20
	android:name
		ADDED from src\main\AndroidManifest.xml:195:19-76
intent-filter#android.intent.action.PROXY_CHANGE
ADDED from src\main\AndroidManifest.xml:196:13-198:29
action#android.intent.action.PROXY_CHANGE
ADDED from src\main\AndroidManifest.xml:197:17-77
	android:name
		ADDED from src\main\AndroidManifest.xml:197:25-74
activity#cn.hi321.browser.download.DownloadActivity
ADDED from src\main\AndroidManifest.xml:201:9-206:20
	android:screenOrientation
		ADDED from src\main\AndroidManifest.xml:205:13-49
	android:launchMode
		ADDED from src\main\AndroidManifest.xml:204:13-43
	android:configChanges
		ADDED from src\main\AndroidManifest.xml:203:13-63
	android:name
		ADDED from src\main\AndroidManifest.xml:202:13-70
activity#com.umeng.fb.ConversationActivity
ADDED from src\main\AndroidManifest.xml:209:9-211:16
	android:name
		ADDED from src\main\AndroidManifest.xml:210:13-61
activity#com.umeng.fb.ContactActivity
ADDED from src\main\AndroidManifest.xml:212:9-214:16
	android:name
		ADDED from src\main\AndroidManifest.xml:213:13-56
service#cn.hi321.browser.download.DownloadService
ADDED from src\main\AndroidManifest.xml:216:9-77
	android:name
		ADDED from src\main\AndroidManifest.xml:216:18-74
service#com.umeng.common.net.DownloadingService
ADDED from src\main\AndroidManifest.xml:219:9-223:19
	android:process
		ADDED from src\main\AndroidManifest.xml:222:13-50
	android:exported
		ADDED from src\main\AndroidManifest.xml:221:13-36
	android:name
		ADDED from src\main\AndroidManifest.xml:220:13-67
activity#cn.hi321.browser.player.SystemPlayer
ADDED from src\main\AndroidManifest.xml:225:9-416:20
	android:screenOrientation
		ADDED from src\main\AndroidManifest.xml:228:13-50
	android:configChanges
		ADDED from src\main\AndroidManifest.xml:227:13-70
	android:name
		ADDED from src\main\AndroidManifest.xml:226:13-64
intent-filter#android.intent.action.VIEW+android.intent.category.BROWSABLE+android.intent.category.DEFAULT+android.intent.category.LAUNCHER
ADDED from src\main\AndroidManifest.xml:230:13-264:29
intent-filter#android.intent.action.VIEW+android.intent.category.DEFAULT
ADDED from src\main\AndroidManifest.xml:265:13-271:29
intent-filter#android.intent.action.SEND+android.intent.action.SENDTO+android.intent.action.VIEW+android.intent.category.DEFAULT
ADDED from src\main\AndroidManifest.xml:294:13-304:29
action#android.intent.action.SEND
ADDED from src\main\AndroidManifest.xml:296:17-69
	android:name
		ADDED from src\main\AndroidManifest.xml:296:25-66
action#android.intent.action.SENDTO
ADDED from src\main\AndroidManifest.xml:297:17-71
	android:name
		ADDED from src\main\AndroidManifest.xml:297:25-68
intent-filter#android.intent.action.SEARCH+android.intent.category.DEFAULT
ADDED from src\main\AndroidManifest.xml:411:13-415:29
action#android.intent.action.SEARCH
ADDED from src\main\AndroidManifest.xml:412:17-71
	android:name
		ADDED from src\main\AndroidManifest.xml:412:25-68
activity#cn.hi321.browser.player.VideoPlayer
ADDED from src\main\AndroidManifest.xml:417:9-421:14
	android:screenOrientation
		ADDED from src\main\AndroidManifest.xml:420:13-50
	android:configChanges
		ADDED from src\main\AndroidManifest.xml:419:13-70
	android:name
		ADDED from src\main\AndroidManifest.xml:418:13-63
activity#io.vov.vitamio.activity.InitActivity
ADDED from src\main\AndroidManifest.xml:422:9-427:63
MERGED from [yk_20171020:uCVitamioBundle:unspecified] AndroidManifest.xml:12:9-17:63
	android:screenOrientation
		ADDED from src\main\AndroidManifest.xml:426:13-50
	android:launchMode
		ADDED from src\main\AndroidManifest.xml:425:13-43
	android:windowSoftInputMode
		ADDED from src\main\AndroidManifest.xml:427:13-60
	android:configChanges
		ADDED from src\main\AndroidManifest.xml:424:13-113
	android:theme
		ADDED from [yk_20171020:uCVitamioBundle:unspecified] AndroidManifest.xml:16:13-60
	android:name
		ADDED from src\main\AndroidManifest.xml:423:13-64
service#io.vov.vitamio.VitamioService
ADDED from src\main\AndroidManifest.xml:429:9-435:19
	android:exported
		ADDED from src\main\AndroidManifest.xml:431:13-37
	android:name
		ADDED from src\main\AndroidManifest.xml:430:13-57
intent-filter#io.vov.vitamio.IVitamioService
ADDED from src\main\AndroidManifest.xml:432:13-434:29
action#io.vov.vitamio.IVitamioService
ADDED from src\main\AndroidManifest.xml:433:17-73
	android:name
		ADDED from src\main\AndroidManifest.xml:433:25-70
activity#cn.hi321.browser.CrashHandlerActivity
ADDED from src\main\AndroidManifest.xml:437:9-443:20
	android:process
		ADDED from src\main\AndroidManifest.xml:441:13-44
	android:stateNotNeeded
		ADDED from src\main\AndroidManifest.xml:442:13-42
	android:exported
		ADDED from src\main\AndroidManifest.xml:440:13-37
	android:configChanges
		ADDED from src\main\AndroidManifest.xml:439:13-72
	android:name
		ADDED from src\main\AndroidManifest.xml:438:13-65
service#com.zdp.aseo.content.AseoZdpUpdateService
ADDED from src\main\AndroidManifest.xml:444:9-77
	android:name
		ADDED from src\main\AndroidManifest.xml:444:18-74
service#com.iflytek.voiceads.update.DownloadService
ADDED from src\main\AndroidManifest.xml:445:9-78
	android:name
		ADDED from src\main\AndroidManifest.xml:445:18-76
activity#com.iflytek.voiceads.request.IFLYBrowser
ADDED from src\main\AndroidManifest.xml:446:3-447:52
	android:screenOrientation
		ADDED from src\main\AndroidManifest.xml:447:13-49
	android:name
		ADDED from src\main\AndroidManifest.xml:446:13-68
meta-data#IFLYTEK_APPKEY_AD
ADDED from src\main\AndroidManifest.xml:448:9-80
	android:value
		ADDED from src\main\AndroidManifest.xml:448:54-78
	android:name
		ADDED from src\main\AndroidManifest.xml:448:21-53
meta-data#UMENG_APPKEY
ADDED from src\main\AndroidManifest.xml:451:9-454:21
	android:value
		ADDED from src\main\AndroidManifest.xml:453:13-53
	android:name
		ADDED from src\main\AndroidManifest.xml:452:13-40
meta-data#UMENG_CHANNEL
ADDED from src\main\AndroidManifest.xml:455:9-457:37
	android:value
		ADDED from src\main\AndroidManifest.xml:457:13-34
	android:name
		ADDED from src\main\AndroidManifest.xml:456:13-41